[ 2014-07-15T10:54:57+08:00 ] 127.0.0.1 /wwwroot/index.php
SQL: SHOW COLUMNS FROM `onethink_category` [ RunTime:0.021379s ]
SQL: SELECT `id`,`name`,`title`,`pid`,`sort`,`list_row`,`meta_title`,`keywords`,`description`,`template_index`,`template_lists`,`template_detail`,`template_edit`,`model`,`type`,`link_id`,`allow_publish`,`display`,`reply`,`check`,`reply_model`,`extend`,`create_time`,`update_time`,`status`,`icon` FROM `onethink_category` WHERE ( `status` = 1 ) ORDER BY sort  [ RunTime:0.001659s ]
SQL: SHOW COLUMNS FROM `onethink_document` [ RunTime:0.020015s ]
SQL: SELECT `id`,`uid`,`name`,`title`,`category_id`,`description`,`root`,`pid`,`model_id`,`type`,`position`,`link_id`,`cover_id`,`display`,`deadline`,`attach`,`view`,`comment`,`extend`,`level`,`create_time`,`update_time`,`status` FROM `onethink_document` WHERE ( `status` = 1 ) AND ( `pid` = 0 ) AND ( `create_time` < 1405392897 ) AND ( deadline = 0 OR deadline > 1405392897 ) ORDER BY `id` DESC  [ RunTime:0.002129s ]
INFO: [ view_parse ] --START--
INFO: [ template_filter ] --START--
INFO: Run Behavior\ContentReplace [ RunTime:0.000464s ]
INFO: [ template_filter ] --END-- [ RunTime:0.000816s ]
SQL: SELECT `id`,`name`,`title`,`pid`,`sort`,`list_row`,`meta_title`,`keywords`,`description`,`template_index`,`template_lists`,`template_detail`,`template_edit`,`model`,`type`,`link_id`,`allow_publish`,`display`,`reply`,`check`,`reply_model`,`extend`,`create_time`,`update_time`,`status`,`icon` FROM `onethink_category` WHERE ( `id` = 1 ) LIMIT 1   [ RunTime:0.001788s ]
SQL: SELECT `id`,`name`,`pid`,`title`,`link_id` FROM `onethink_category` WHERE ( `status` = 1 ) ORDER BY sort  [ RunTime:0.001185s ]
SQL: SELECT `id`,`uid`,`name`,`title`,`category_id`,`description`,`root`,`pid`,`model_id`,`type`,`position`,`link_id`,`cover_id`,`display`,`deadline`,`attach`,`view`,`comment`,`extend`,`level`,`create_time`,`update_time`,`status` FROM `onethink_document` WHERE ( `status` = 1 ) AND ( `pid` = 0 ) AND ( `category_id` = 2 ) AND ( `create_time` < 1405392897 ) AND ( deadline = 0 OR deadline > 1405392897 ) ORDER BY `level` DESC,`id` DESC LIMIT 0,10   [ RunTime:0.001727s ]
INFO: Run Behavior\ParseTemplate [ RunTime:0.099793s ]
INFO: [ view_parse ] --END-- [ RunTime:0.100207s ]
INFO: [ view_filter ] --START--
INFO: Run Behavior\WriteHtmlCache [ RunTime:0.002774s ]
INFO: [ view_filter ] --END-- [ RunTime:0.003127s ]
INFO: [ app_end ] --START--
INFO: Run Behavior\ShowPageTrace [ RunTime:0.003748s ]
INFO: [ app_end ] --END-- [ RunTime:0.004064s ]

[ 2014-07-15T10:55:01+08:00 ] 127.0.0.1 /wwwroot/index.php?s=/Home/Exercise/exc_common.html
INFO: [ view_parse ] --START--
INFO: [ template_filter ] --START--
INFO: Run Behavior\ContentReplace [ RunTime:0.000650s ]
INFO: [ template_filter ] --END-- [ RunTime:0.001289s ]
INFO: Run Behavior\ParseTemplate [ RunTime:0.064196s ]
INFO: [ view_parse ] --END-- [ RunTime:0.066243s ]
INFO: [ view_filter ] --START--
INFO: Run Behavior\WriteHtmlCache [ RunTime:0.002286s ]
INFO: [ view_filter ] --END-- [ RunTime:0.002716s ]
INFO: [ app_end ] --START--
INFO: Run Behavior\ShowPageTrace [ RunTime:0.003433s ]
INFO: [ app_end ] --END-- [ RunTime:0.003903s ]

[ 2014-07-15T10:55:03+08:00 ] 127.0.0.1 /wwwroot/index.php?s=/Home/Exercise/exc_filter.html
SQL: SHOW COLUMNS FROM `onethink_mainmuscletype` [ RunTime:0.020567s ]
SQL: SELECT `id`,`name` FROM `onethink_mainmuscletype`  [ RunTime:0.001654s ]
SQL: SHOW COLUMNS FROM `onethink_exercisetype` [ RunTime:0.017047s ]
SQL: SELECT `id`,`name` FROM `onethink_exercisetype`  [ RunTime:0.001338s ]
SQL: SHOW COLUMNS FROM `onethink_equiptype` [ RunTime:0.016158s ]
SQL: SELECT `id`,`name` FROM `onethink_equiptype`  [ RunTime:0.001315s ]
SQL: SHOW COLUMNS FROM `onethink_forcetype` [ RunTime:0.015060s ]
SQL: SELECT `id`,`name` FROM `onethink_forcetype`  [ RunTime:0.001357s ]
SQL: SHOW COLUMNS FROM `onethink_sporttype` [ RunTime:0.017038s ]
SQL: SELECT `id`,`name` FROM `onethink_sporttype`  [ RunTime:0.001377s ]
SQL: SHOW COLUMNS FROM `onethink_leveltype` [ RunTime:0.019827s ]
SQL: SELECT `id`,`name` FROM `onethink_leveltype`  [ RunTime:0.001579s ]
INFO: [ view_parse ] --START--
INFO: [ template_filter ] --START--
INFO: Run Behavior\ContentReplace [ RunTime:0.000961s ]
INFO: [ template_filter ] --END-- [ RunTime:0.001404s ]
INFO: Run Behavior\ParseTemplate [ RunTime:0.115989s ]
INFO: [ view_parse ] --END-- [ RunTime:0.116445s ]
INFO: [ view_filter ] --START--
INFO: Run Behavior\WriteHtmlCache [ RunTime:0.002515s ]
INFO: [ view_filter ] --END-- [ RunTime:0.002885s ]
INFO: [ app_end ] --START--
INFO: Run Behavior\ShowPageTrace [ RunTime:0.002835s ]
INFO: [ app_end ] --END-- [ RunTime:0.003274s ]

[ 2014-07-15T10:55:04+08:00 ] 127.0.0.1 /wwwroot/index.php?s=/Home/Exercise/search.html
INFO: [ app_begin ] --START--
INFO: Run Behavior\ReadHtmlCache [ RunTime:0.002609s ]
INFO: [ app_begin ] --END-- [ RunTime:0.004235s ]
SQL: SHOW COLUMNS FROM `onethink_config` [ RunTime:0.012929s ]
SQL: SELECT `type`,`name`,`value` FROM `onethink_config` WHERE ( `status` = 1 )  [ RunTime:0.002090s ]
SQL: SHOW COLUMNS FROM `onethink_exercise` [ RunTime:0.017460s ]
SQL: SHOW COLUMNS FROM `onethink_exercise` [ RunTime:0.011688s ]
SQL: SELECT exc.ename as ename,t1.name as mtname,t2.name as etname,t3.name as eqtname,t4.name as ftname,t5.name as stname,exc.eid,t6.name as ltname,exc.sex,exc.rating FROM onethink_exercise exc INNER JOIN onethink_mainmuscletype t1 on exc.mainmuscleID = t1.id INNER JOIN onethink_exercisetype t2 on exc.exercisetypeID = t2.id INNER JOIN onethink_equiptype t3 on exc.equiptypeID = t3.id INNER JOIN onethink_forcetype t4 on exc.forcetypeID = t4.id INNER JOIN onethink_sporttype t5 on exc.sporttypeID = t5.id INNER JOIN onethink_leveltype t6 on exc.levelID = t6.id  WHERE ( `mainmuscleID` IN ('1','2','3','4','5','6','7','8','9','10','11','12','13','14','15','16','17') ) AND ( `exercisetypeID` IN ('1','2','3') ) AND ( `equiptypeID` IN ('1','2') ) AND ( `forcetypeID` IN ('1','2','3','4') ) AND ( `sporttypeID` IN ('1','2') ) AND ( `levelID` IN ('1','2','3') )  [ RunTime:0.003206s ]

[ 2014-07-15T10:55:13+08:00 ] 127.0.0.1 /wwwroot/index.php?s=/Home/Index/index.html
SQL: SHOW COLUMNS FROM `onethink_category` [ RunTime:0.014776s ]
SQL: SELECT `id`,`name`,`title`,`pid`,`sort`,`list_row`,`meta_title`,`keywords`,`description`,`template_index`,`template_lists`,`template_detail`,`template_edit`,`model`,`type`,`link_id`,`allow_publish`,`display`,`reply`,`check`,`reply_model`,`extend`,`create_time`,`update_time`,`status`,`icon` FROM `onethink_category` WHERE ( `status` = 1 ) ORDER BY sort  [ RunTime:0.002632s ]
SQL: SHOW COLUMNS FROM `onethink_document` [ RunTime:0.010037s ]
SQL: SELECT `id`,`uid`,`name`,`title`,`category_id`,`description`,`root`,`pid`,`model_id`,`type`,`position`,`link_id`,`cover_id`,`display`,`deadline`,`attach`,`view`,`comment`,`extend`,`level`,`create_time`,`update_time`,`status` FROM `onethink_document` WHERE ( `status` = 1 ) AND ( `pid` = 0 ) AND ( `create_time` < 1405392913 ) AND ( deadline = 0 OR deadline > 1405392913 ) ORDER BY `id` DESC  [ RunTime:0.001537s ]
INFO: [ view_parse ] --START--
INFO: [ template_filter ] --START--
INFO: Run Behavior\ContentReplace [ RunTime:0.000442s ]
INFO: [ template_filter ] --END-- [ RunTime:0.000747s ]
SQL: SELECT `id`,`name`,`title`,`pid`,`sort`,`list_row`,`meta_title`,`keywords`,`description`,`template_index`,`template_lists`,`template_detail`,`template_edit`,`model`,`type`,`link_id`,`allow_publish`,`display`,`reply`,`check`,`reply_model`,`extend`,`create_time`,`update_time`,`status`,`icon` FROM `onethink_category` WHERE ( `id` = 1 ) LIMIT 1   [ RunTime:0.001787s ]
SQL: SELECT `id`,`name`,`pid`,`title`,`link_id` FROM `onethink_category` WHERE ( `status` = 1 ) ORDER BY sort  [ RunTime:0.001095s ]
SQL: SELECT `id`,`uid`,`name`,`title`,`category_id`,`description`,`root`,`pid`,`model_id`,`type`,`position`,`link_id`,`cover_id`,`display`,`deadline`,`attach`,`view`,`comment`,`extend`,`level`,`create_time`,`update_time`,`status` FROM `onethink_document` WHERE ( `status` = 1 ) AND ( `pid` = 0 ) AND ( `category_id` = 2 ) AND ( `create_time` < 1405392913 ) AND ( deadline = 0 OR deadline > 1405392913 ) ORDER BY `level` DESC,`id` DESC LIMIT 0,10   [ RunTime:0.001445s ]
INFO: Run Behavior\ParseTemplate [ RunTime:0.065997s ]
INFO: [ view_parse ] --END-- [ RunTime:0.066336s ]
INFO: [ view_filter ] --START--
INFO: Run Behavior\WriteHtmlCache [ RunTime:0.001745s ]
INFO: [ view_filter ] --END-- [ RunTime:0.002030s ]
INFO: [ app_end ] --START--
INFO: Run Behavior\ShowPageTrace [ RunTime:0.002411s ]
INFO: [ app_end ] --END-- [ RunTime:0.002720s ]

[ 2014-07-15T10:55:20+08:00 ] 127.0.0.1 /wwwroot/index.php?s=/Home/Exercise/search.html
INFO: [ app_begin ] --START--
INFO: Run Behavior\ReadHtmlCache [ RunTime:0.003278s ]
INFO: [ app_begin ] --END-- [ RunTime:0.005160s ]
SQL: SHOW COLUMNS FROM `onethink_config` [ RunTime:0.014097s ]
SQL: SELECT `type`,`name`,`value` FROM `onethink_config` WHERE ( `status` = 1 )  [ RunTime:0.002223s ]
SQL: SHOW COLUMNS FROM `onethink_exercise` [ RunTime:0.014052s ]
SQL: SHOW COLUMNS FROM `onethink_exercise` [ RunTime:0.014306s ]
SQL: SELECT exc.ename as ename,t1.name as mtname,t2.name as etname,t3.name as eqtname,t4.name as ftname,t5.name as stname,exc.eid,t6.name as ltname,exc.sex,exc.rating FROM onethink_exercise exc INNER JOIN onethink_mainmuscletype t1 on exc.mainmuscleID = t1.id INNER JOIN onethink_exercisetype t2 on exc.exercisetypeID = t2.id INNER JOIN onethink_equiptype t3 on exc.equiptypeID = t3.id INNER JOIN onethink_forcetype t4 on exc.forcetypeID = t4.id INNER JOIN onethink_sporttype t5 on exc.sporttypeID = t5.id INNER JOIN onethink_leveltype t6 on exc.levelID = t6.id  WHERE ( `mainmuscleID` IN ('1','2','3','4','5','6','7','8','9','10','11','12','13','14','15','16','17') ) AND ( `exercisetypeID` IN ('1','2','3') ) AND ( `equiptypeID` IN ('1','2') ) AND ( `forcetypeID` IN ('1','2','3','4') ) AND ( `sporttypeID` IN ('1','2') ) AND ( `levelID` IN ('1','2','3') )  [ RunTime:0.002688s ]

[ 2014-07-15T11:10:16+08:00 ] 127.0.0.1 /qujianshen/wwwroot/index.php?s=/Home/Exercise/exc_filter.html
SQL: SHOW COLUMNS FROM `onethink_mainmuscletype` [ RunTime:0.012425s ]
SQL: SELECT `id`,`name` FROM `onethink_mainmuscletype`  [ RunTime:0.001743s ]
SQL: SHOW COLUMNS FROM `onethink_exercisetype` [ RunTime:0.013392s ]
SQL: SELECT `id`,`name` FROM `onethink_exercisetype`  [ RunTime:0.001336s ]
SQL: SHOW COLUMNS FROM `onethink_equiptype` [ RunTime:0.012713s ]
SQL: SELECT `id`,`name` FROM `onethink_equiptype`  [ RunTime:0.001493s ]
SQL: SHOW COLUMNS FROM `onethink_forcetype` [ RunTime:0.011873s ]
SQL: SELECT `id`,`name` FROM `onethink_forcetype`  [ RunTime:0.001466s ]
SQL: SHOW COLUMNS FROM `onethink_sporttype` [ RunTime:0.011998s ]
SQL: SELECT `id`,`name` FROM `onethink_sporttype`  [ RunTime:0.001225s ]
SQL: SHOW COLUMNS FROM `onethink_leveltype` [ RunTime:0.012234s ]
SQL: SELECT `id`,`name` FROM `onethink_leveltype`  [ RunTime:0.001148s ]
INFO: [ view_parse ] --START--
INFO: [ template_filter ] --START--
INFO: Run Behavior\ContentReplace [ RunTime:0.000896s ]
INFO: [ template_filter ] --END-- [ RunTime:0.001225s ]
INFO: Run Behavior\ParseTemplate [ RunTime:0.116728s ]
INFO: [ view_parse ] --END-- [ RunTime:0.117210s ]
INFO: [ view_filter ] --START--
INFO: Run Behavior\WriteHtmlCache [ RunTime:0.001984s ]
INFO: [ view_filter ] --END-- [ RunTime:0.002361s ]
INFO: [ app_end ] --START--
INFO: Run Behavior\ShowPageTrace [ RunTime:0.002045s ]
INFO: [ app_end ] --END-- [ RunTime:0.002326s ]

[ 2014-07-15T11:10:16+08:00 ] 127.0.0.1 /qujianshen/wwwroot/index.php?s=/Home/Exercise/search.html
INFO: [ app_begin ] --START--
INFO: Run Behavior\ReadHtmlCache [ RunTime:0.002599s ]
INFO: [ app_begin ] --END-- [ RunTime:0.004434s ]
SQL: SHOW COLUMNS FROM `onethink_config` [ RunTime:0.013351s ]
SQL: SELECT `type`,`name`,`value` FROM `onethink_config` WHERE ( `status` = 1 )  [ RunTime:0.001827s ]
SQL: SHOW COLUMNS FROM `onethink_exercise` [ RunTime:0.010100s ]
SQL: SHOW COLUMNS FROM `onethink_exercise` [ RunTime:0.010714s ]
SQL: SELECT exc.ename as ename,t1.name as mtname,t2.name as etname,t3.name as eqtname,t4.name as ftname,t5.name as stname,exc.eid,t6.name as ltname,exc.sex,exc.rating FROM onethink_exercise exc INNER JOIN onethink_mainmuscletype t1 on exc.mainmuscleID = t1.id INNER JOIN onethink_exercisetype t2 on exc.exercisetypeID = t2.id INNER JOIN onethink_equiptype t3 on exc.equiptypeID = t3.id INNER JOIN onethink_forcetype t4 on exc.forcetypeID = t4.id INNER JOIN onethink_sporttype t5 on exc.sporttypeID = t5.id INNER JOIN onethink_leveltype t6 on exc.levelID = t6.id  WHERE ( `mainmuscleID` IN ('1','2','3','4','5','6','7','8','9','10','11','12','13','14','15','16','17') ) AND ( `exercisetypeID` IN ('1','2','3') ) AND ( `equiptypeID` IN ('1','2') ) AND ( `forcetypeID` IN ('1','2','3','4') ) AND ( `sporttypeID` IN ('1','2') ) AND ( `levelID` IN ('1','2','3') )  [ RunTime:0.002136s ]

[ 2014-07-15T11:10:22+08:00 ] 127.0.0.1 /qujianshen/wwwroot/index.php?s=/Home/Index/Index.html
SQL: SHOW COLUMNS FROM `onethink_category` [ RunTime:0.014845s ]
SQL: SELECT `id`,`name`,`title`,`pid`,`sort`,`list_row`,`meta_title`,`keywords`,`description`,`template_index`,`template_lists`,`template_detail`,`template_edit`,`model`,`type`,`link_id`,`allow_publish`,`display`,`reply`,`check`,`reply_model`,`extend`,`create_time`,`update_time`,`status`,`icon` FROM `onethink_category` WHERE ( `status` = 1 ) ORDER BY sort  [ RunTime:0.002101s ]
SQL: SHOW COLUMNS FROM `onethink_document` [ RunTime:0.014714s ]
SQL: SELECT `id`,`uid`,`name`,`title`,`category_id`,`description`,`root`,`pid`,`model_id`,`type`,`position`,`link_id`,`cover_id`,`display`,`deadline`,`attach`,`view`,`comment`,`extend`,`level`,`create_time`,`update_time`,`status` FROM `onethink_document` WHERE ( `status` = 1 ) AND ( `pid` = 0 ) AND ( `create_time` < 1405393822 ) AND ( deadline = 0 OR deadline > 1405393822 ) ORDER BY `id` DESC  [ RunTime:0.001935s ]
INFO: [ view_parse ] --START--
INFO: [ template_filter ] --START--
INFO: Run Behavior\ContentReplace [ RunTime:0.000695s ]
INFO: [ template_filter ] --END-- [ RunTime:0.001188s ]
SQL: SELECT `id`,`name`,`title`,`pid`,`sort`,`list_row`,`meta_title`,`keywords`,`description`,`template_index`,`template_lists`,`template_detail`,`template_edit`,`model`,`type`,`link_id`,`allow_publish`,`display`,`reply`,`check`,`reply_model`,`extend`,`create_time`,`update_time`,`status`,`icon` FROM `onethink_category` WHERE ( `id` = 1 ) LIMIT 1   [ RunTime:0.002229s ]
SQL: SELECT `id`,`name`,`pid`,`title`,`link_id` FROM `onethink_category` WHERE ( `status` = 1 ) ORDER BY sort  [ RunTime:0.001378s ]
SQL: SELECT `id`,`uid`,`name`,`title`,`category_id`,`description`,`root`,`pid`,`model_id`,`type`,`position`,`link_id`,`cover_id`,`display`,`deadline`,`attach`,`view`,`comment`,`extend`,`level`,`create_time`,`update_time`,`status` FROM `onethink_document` WHERE ( `status` = 1 ) AND ( `pid` = 0 ) AND ( `category_id` = 2 ) AND ( `create_time` < 1405393822 ) AND ( deadline = 0 OR deadline > 1405393822 ) ORDER BY `level` DESC,`id` DESC LIMIT 0,10   [ RunTime:0.001334s ]
INFO: Run Behavior\ParseTemplate [ RunTime:0.092486s ]
INFO: [ view_parse ] --END-- [ RunTime:0.092890s ]
INFO: [ view_filter ] --START--
INFO: Run Behavior\WriteHtmlCache [ RunTime:0.002428s ]
INFO: [ view_filter ] --END-- [ RunTime:0.002728s ]
INFO: [ app_end ] --START--
INFO: Run Behavior\ShowPageTrace [ RunTime:0.002604s ]
INFO: [ app_end ] --END-- [ RunTime:0.002913s ]

