[ 2014-07-14T09:38:39+08:00 ] 127.0.0.1 /wwwroot/index.php?s=/Home/Exercise/exc_common.html
INFO: [ view_parse ] --START--
INFO: [ template_filter ] --START--
INFO: Run Behavior\ContentReplace [ RunTime:0.000739s ]
INFO: [ template_filter ] --END-- [ RunTime:0.001211s ]
INFO: Run Behavior\ParseTemplate [ RunTime:0.071013s ]
INFO: [ view_parse ] --END-- [ RunTime:0.073865s ]
INFO: [ view_filter ] --START--
INFO: Run Behavior\WriteHtmlCache [ RunTime:0.002919s ]
INFO: [ view_filter ] --END-- [ RunTime:0.003240s ]
INFO: [ app_end ] --START--
INFO: Run Behavior\ShowPageTrace [ RunTime:0.003529s ]
INFO: [ app_end ] --END-- [ RunTime:0.003917s ]

[ 2014-07-14T09:38:42+08:00 ] 127.0.0.1 /wwwroot/index.php?s=/Home/Exercise/exc_filter.html
SQL: SHOW COLUMNS FROM `onethink_mainmuscletype` [ RunTime:0.012988s ]
SQL: SELECT `id`,`name` FROM `onethink_mainmuscletype`  [ RunTime:0.001205s ]
SQL: SHOW COLUMNS FROM `onethink_exercisetype` [ RunTime:0.011005s ]
SQL: SELECT `id`,`name` FROM `onethink_exercisetype`  [ RunTime:0.000902s ]
SQL: SHOW COLUMNS FROM `onethink_equiptype` [ RunTime:0.010313s ]
SQL: SELECT `id`,`name` FROM `onethink_equiptype`  [ RunTime:0.001029s ]
SQL: SHOW COLUMNS FROM `onethink_forcetype` [ RunTime:0.009501s ]
SQL: SELECT `id`,`name` FROM `onethink_forcetype`  [ RunTime:0.001064s ]
SQL: SHOW COLUMNS FROM `onethink_sporttype` [ RunTime:0.012468s ]
SQL: SELECT `id`,`name` FROM `onethink_sporttype`  [ RunTime:0.000834s ]
SQL: SHOW COLUMNS FROM `onethink_leveltype` [ RunTime:0.012146s ]
SQL: SELECT `id`,`name` FROM `onethink_leveltype`  [ RunTime:0.000868s ]
INFO: [ view_parse ] --START--
INFO: [ template_filter ] --START--
INFO: Run Behavior\ContentReplace [ RunTime:0.000938s ]
INFO: [ template_filter ] --END-- [ RunTime:0.001278s ]
INFO: Run Behavior\ParseTemplate [ RunTime:0.109153s ]
INFO: [ view_parse ] --END-- [ RunTime:0.109501s ]
INFO: [ view_filter ] --START--
INFO: Run Behavior\WriteHtmlCache [ RunTime:0.002057s ]
INFO: [ view_filter ] --END-- [ RunTime:0.002345s ]
INFO: [ app_end ] --START--
INFO: Run Behavior\ShowPageTrace [ RunTime:0.002711s ]
INFO: [ app_end ] --END-- [ RunTime:0.002995s ]

[ 2014-07-14T09:38:42+08:00 ] 127.0.0.1 /wwwroot/index.php?s=/Home/Exercise/search.html
INFO: [ app_begin ] --START--
INFO: Run Behavior\ReadHtmlCache [ RunTime:0.003602s ]
INFO: [ app_begin ] --END-- [ RunTime:0.005056s ]
SQL: SHOW COLUMNS FROM `onethink_config` [ RunTime:0.010639s ]
SQL: SELECT `type`,`name`,`value` FROM `onethink_config` WHERE ( `status` = 1 )  [ RunTime:0.001635s ]
SQL: SHOW COLUMNS FROM `onethink_exercise` [ RunTime:0.010316s ]
SQL: SHOW COLUMNS FROM `onethink_exercise` [ RunTime:0.010515s ]
SQL: SELECT exc.ename as ename,t1.name as mtname,t2.name as etname,t3.name as eqtname,t4.name as ftname,t5.name as stname,exc.eid,t6.name as ltname,exc.sex,exc.rating FROM onethink_exercise exc INNER JOIN onethink_mainmuscletype t1 on exc.mainmuscleID = t1.id INNER JOIN onethink_exercisetype t2 on exc.exercisetypeID = t2.id INNER JOIN onethink_equiptype t3 on exc.equiptypeID = t3.id INNER JOIN onethink_forcetype t4 on exc.forcetypeID = t4.id INNER JOIN onethink_sporttype t5 on exc.sporttypeID = t5.id INNER JOIN onethink_leveltype t6 on exc.levelID = t6.id  WHERE ( `mainmuscleID` IN ('1','2','3','4','5','6','7','8','9','10','11','12','13','14','15','16','17') ) AND ( `exercisetypeID` IN ('1','2','3') ) AND ( `equiptypeID` IN ('1','2') ) AND ( `forcetypeID` IN ('1','2','3','4') ) AND ( `sporttypeID` IN ('1','2') ) AND ( `levelID` IN ('1','2','3') )  [ RunTime:0.009365s ]

[ 2014-07-14T09:39:07+08:00 ] 127.0.0.1 /wwwroot/index.php?s=/Home/Exercise/search.html
INFO: [ app_begin ] --START--
INFO: Run Behavior\ReadHtmlCache [ RunTime:0.003600s ]
INFO: [ app_begin ] --END-- [ RunTime:0.005371s ]
SQL: SHOW COLUMNS FROM `onethink_config` [ RunTime:0.013601s ]
SQL: SELECT `type`,`name`,`value` FROM `onethink_config` WHERE ( `status` = 1 )  [ RunTime:0.002036s ]
SQL: SHOW COLUMNS FROM `onethink_exercise` [ RunTime:0.009094s ]
SQL: SHOW COLUMNS FROM `onethink_exercise` [ RunTime:0.009173s ]
SQL: SELECT exc.ename as ename,t1.name as mtname,t2.name as etname,t3.name as eqtname,t4.name as ftname,t5.name as stname,exc.eid,t6.name as ltname,exc.sex,exc.rating FROM onethink_exercise exc INNER JOIN onethink_mainmuscletype t1 on exc.mainmuscleID = t1.id INNER JOIN onethink_exercisetype t2 on exc.exercisetypeID = t2.id INNER JOIN onethink_equiptype t3 on exc.equiptypeID = t3.id INNER JOIN onethink_forcetype t4 on exc.forcetypeID = t4.id INNER JOIN onethink_sporttype t5 on exc.sporttypeID = t5.id INNER JOIN onethink_leveltype t6 on exc.levelID = t6.id  WHERE ( `mainmuscleID` IN ('1','2','3','4','5','6','7','8','9','10','12','13','14','15','16','17') ) AND ( `exercisetypeID` IN ('1','2','3') ) AND ( `equiptypeID` IN ('1','2') ) AND ( `forcetypeID` IN ('1','2','3','4') ) AND ( `sporttypeID` IN ('1','2') ) AND ( `levelID` IN ('1','2','3') )  [ RunTime:0.001991s ]

[ 2014-07-14T09:39:11+08:00 ] 127.0.0.1 /wwwroot/index.php?s=/Home/Exercise/search.html
INFO: [ app_begin ] --START--
INFO: Run Behavior\ReadHtmlCache [ RunTime:0.003484s ]
INFO: [ app_begin ] --END-- [ RunTime:0.005320s ]
SQL: SHOW COLUMNS FROM `onethink_config` [ RunTime:0.013912s ]
SQL: SELECT `type`,`name`,`value` FROM `onethink_config` WHERE ( `status` = 1 )  [ RunTime:0.002377s ]
SQL: SHOW COLUMNS FROM `onethink_exercise` [ RunTime:0.012472s ]
SQL: SHOW COLUMNS FROM `onethink_exercise` [ RunTime:0.012596s ]
SQL: SELECT exc.ename as ename,t1.name as mtname,t2.name as etname,t3.name as eqtname,t4.name as ftname,t5.name as stname,exc.eid,t6.name as ltname,exc.sex,exc.rating FROM onethink_exercise exc INNER JOIN onethink_mainmuscletype t1 on exc.mainmuscleID = t1.id INNER JOIN onethink_exercisetype t2 on exc.exercisetypeID = t2.id INNER JOIN onethink_equiptype t3 on exc.equiptypeID = t3.id INNER JOIN onethink_forcetype t4 on exc.forcetypeID = t4.id INNER JOIN onethink_sporttype t5 on exc.sporttypeID = t5.id INNER JOIN onethink_leveltype t6 on exc.levelID = t6.id  WHERE ( `mainmuscleID` IN ('1','2','3','4','5','6','7','8','9','10','11','12','13','14','15','16','17') ) AND ( `exercisetypeID` IN ('1','2','3') ) AND ( `equiptypeID` IN ('1','2') ) AND ( `forcetypeID` IN ('1','2','3','4') ) AND ( `sporttypeID` IN ('1','2') ) AND ( `levelID` IN ('1','2','3') )  [ RunTime:0.002914s ]

[ 2014-07-14T09:39:17+08:00 ] 127.0.0.1 /wwwroot/index.php?s=/Home/Index/index.html
SQL: SHOW COLUMNS FROM `onethink_category` [ RunTime:0.020948s ]
SQL: SELECT `id`,`name`,`title`,`pid`,`sort`,`list_row`,`meta_title`,`keywords`,`description`,`template_index`,`template_lists`,`template_detail`,`template_edit`,`model`,`type`,`link_id`,`allow_publish`,`display`,`reply`,`check`,`reply_model`,`extend`,`create_time`,`update_time`,`status`,`icon` FROM `onethink_category` WHERE ( `status` = 1 ) ORDER BY sort  [ RunTime:0.002086s ]
SQL: SHOW COLUMNS FROM `onethink_document` [ RunTime:0.019915s ]
SQL: SELECT `id`,`uid`,`name`,`title`,`category_id`,`description`,`root`,`pid`,`model_id`,`type`,`position`,`link_id`,`cover_id`,`display`,`deadline`,`attach`,`view`,`comment`,`extend`,`level`,`create_time`,`update_time`,`status` FROM `onethink_document` WHERE ( `status` = 1 ) AND ( `pid` = 0 ) AND ( `create_time` < 1405301957 ) AND ( deadline = 0 OR deadline > 1405301957 ) ORDER BY `id` DESC  [ RunTime:0.002127s ]
INFO: [ view_parse ] --START--
INFO: [ template_filter ] --START--
INFO: Run Behavior\ContentReplace [ RunTime:0.000702s ]
INFO: [ template_filter ] --END-- [ RunTime:0.001152s ]
SQL: SELECT `id`,`name`,`title`,`pid`,`sort`,`list_row`,`meta_title`,`keywords`,`description`,`template_index`,`template_lists`,`template_detail`,`template_edit`,`model`,`type`,`link_id`,`allow_publish`,`display`,`reply`,`check`,`reply_model`,`extend`,`create_time`,`update_time`,`status`,`icon` FROM `onethink_category` WHERE ( `id` = 1 ) LIMIT 1   [ RunTime:0.002050s ]
SQL: SELECT `id`,`name`,`pid`,`title`,`link_id` FROM `onethink_category` WHERE ( `status` = 1 ) ORDER BY sort  [ RunTime:0.001332s ]
SQL: SELECT `id`,`uid`,`name`,`title`,`category_id`,`description`,`root`,`pid`,`model_id`,`type`,`position`,`link_id`,`cover_id`,`display`,`deadline`,`attach`,`view`,`comment`,`extend`,`level`,`create_time`,`update_time`,`status` FROM `onethink_document` WHERE ( `status` = 1 ) AND ( `pid` = 0 ) AND ( `category_id` = 2 ) AND ( `create_time` < 1405301957 ) AND ( deadline = 0 OR deadline > 1405301957 ) ORDER BY `level` DESC,`id` DESC LIMIT 0,10   [ RunTime:0.001660s ]
INFO: Run Behavior\ParseTemplate [ RunTime:0.099804s ]
INFO: [ view_parse ] --END-- [ RunTime:0.100338s ]
INFO: [ view_filter ] --START--
INFO: Run Behavior\WriteHtmlCache [ RunTime:0.002781s ]
INFO: [ view_filter ] --END-- [ RunTime:0.003158s ]
INFO: [ app_end ] --START--
INFO: Run Behavior\ShowPageTrace [ RunTime:0.003365s ]
INFO: [ app_end ] --END-- [ RunTime:0.003746s ]

[ 2014-07-14T09:39:23+08:00 ] 127.0.0.1 /wwwroot/index.php?s=/Home/Exercise/search.html
INFO: [ app_begin ] --START--
INFO: Run Behavior\ReadHtmlCache [ RunTime:0.003091s ]
INFO: [ app_begin ] --END-- [ RunTime:0.004978s ]
SQL: SHOW COLUMNS FROM `onethink_config` [ RunTime:0.009876s ]
SQL: SELECT `type`,`name`,`value` FROM `onethink_config` WHERE ( `status` = 1 )  [ RunTime:0.002244s ]
SQL: SHOW COLUMNS FROM `onethink_exercise` [ RunTime:0.010333s ]
SQL: SHOW COLUMNS FROM `onethink_exercise` [ RunTime:0.010221s ]
SQL: SELECT exc.ename as ename,t1.name as mtname,t2.name as etname,t3.name as eqtname,t4.name as ftname,t5.name as stname,exc.eid,t6.name as ltname,exc.sex,exc.rating FROM onethink_exercise exc INNER JOIN onethink_mainmuscletype t1 on exc.mainmuscleID = t1.id INNER JOIN onethink_exercisetype t2 on exc.exercisetypeID = t2.id INNER JOIN onethink_equiptype t3 on exc.equiptypeID = t3.id INNER JOIN onethink_forcetype t4 on exc.forcetypeID = t4.id INNER JOIN onethink_sporttype t5 on exc.sporttypeID = t5.id INNER JOIN onethink_leveltype t6 on exc.levelID = t6.id  WHERE ( `mainmuscleID` IN ('1','2','3','4','5','6','7','8','9','10','11','12','13','14','15','16','17') ) AND ( `exercisetypeID` IN ('1','2','3') ) AND ( `equiptypeID` IN ('1','2') ) AND ( `forcetypeID` IN ('1','2','3','4') ) AND ( `sporttypeID` IN ('1','2') ) AND ( `levelID` IN ('1','2','3') )  [ RunTime:0.002223s ]

[ 2014-07-14T09:53:12+08:00 ] 127.0.0.1 /wwwroot/index.php?s=/Home/Index/Index.html
SQL: SHOW COLUMNS FROM `onethink_category` [ RunTime:0.019451s ]
SQL: SELECT `id`,`name`,`title`,`pid`,`sort`,`list_row`,`meta_title`,`keywords`,`description`,`template_index`,`template_lists`,`template_detail`,`template_edit`,`model`,`type`,`link_id`,`allow_publish`,`display`,`reply`,`check`,`reply_model`,`extend`,`create_time`,`update_time`,`status`,`icon` FROM `onethink_category` WHERE ( `status` = 1 ) ORDER BY sort  [ RunTime:0.002158s ]
SQL: SHOW COLUMNS FROM `onethink_document` [ RunTime:0.018718s ]
SQL: SELECT `id`,`uid`,`name`,`title`,`category_id`,`description`,`root`,`pid`,`model_id`,`type`,`position`,`link_id`,`cover_id`,`display`,`deadline`,`attach`,`view`,`comment`,`extend`,`level`,`create_time`,`update_time`,`status` FROM `onethink_document` WHERE ( `status` = 1 ) AND ( `pid` = 0 ) AND ( `create_time` < 1405302791 ) AND ( deadline = 0 OR deadline > 1405302791 ) ORDER BY `id` DESC  [ RunTime:0.001766s ]
INFO: [ view_parse ] --START--
INFO: [ template_filter ] --START--
INFO: Run Behavior\ContentReplace [ RunTime:0.000869s ]
INFO: [ template_filter ] --END-- [ RunTime:0.001331s ]
SQL: SELECT `id`,`name`,`title`,`pid`,`sort`,`list_row`,`meta_title`,`keywords`,`description`,`template_index`,`template_lists`,`template_detail`,`template_edit`,`model`,`type`,`link_id`,`allow_publish`,`display`,`reply`,`check`,`reply_model`,`extend`,`create_time`,`update_time`,`status`,`icon` FROM `onethink_category` WHERE ( `id` = 1 ) LIMIT 1   [ RunTime:0.002049s ]
SQL: SELECT `id`,`name`,`pid`,`title`,`link_id` FROM `onethink_category` WHERE ( `status` = 1 ) ORDER BY sort  [ RunTime:0.001398s ]
SQL: SELECT `id`,`uid`,`name`,`title`,`category_id`,`description`,`root`,`pid`,`model_id`,`type`,`position`,`link_id`,`cover_id`,`display`,`deadline`,`attach`,`view`,`comment`,`extend`,`level`,`create_time`,`update_time`,`status` FROM `onethink_document` WHERE ( `status` = 1 ) AND ( `pid` = 0 ) AND ( `category_id` = 2 ) AND ( `create_time` < 1405302791 ) AND ( deadline = 0 OR deadline > 1405302791 ) ORDER BY `level` DESC,`id` DESC LIMIT 0,10   [ RunTime:0.001629s ]
INFO: Run Behavior\ParseTemplate [ RunTime:0.094788s ]
INFO: [ view_parse ] --END-- [ RunTime:0.095227s ]
INFO: [ view_filter ] --START--
INFO: Run Behavior\WriteHtmlCache [ RunTime:0.002915s ]
INFO: [ view_filter ] --END-- [ RunTime:0.003282s ]
INFO: [ app_end ] --START--
INFO: Run Behavior\ShowPageTrace [ RunTime:0.003835s ]
INFO: [ app_end ] --END-- [ RunTime:0.004232s ]

[ 2014-07-14T09:53:14+08:00 ] 127.0.0.1 /wwwroot/index.php?s=/Home/User/login.html
INFO: [ view_parse ] --START--
INFO: [ template_filter ] --START--
INFO: Run Behavior\ContentReplace [ RunTime:0.002248s ]
INFO: [ template_filter ] --END-- [ RunTime:0.002770s ]
INFO: Run Behavior\ParseTemplate [ RunTime:0.076332s ]
INFO: [ view_parse ] --END-- [ RunTime:0.078239s ]
INFO: [ view_filter ] --START--
INFO: Run Behavior\WriteHtmlCache [ RunTime:0.003110s ]
INFO: [ view_filter ] --END-- [ RunTime:0.003514s ]
INFO: [ app_end ] --START--
INFO: Run Behavior\ShowPageTrace [ RunTime:0.004950s ]
INFO: [ app_end ] --END-- [ RunTime:0.005422s ]

[ 2014-07-14T09:53:14+08:00 ] 127.0.0.1 /wwwroot/index.php?s=/Home/User/verify.html
INFO: [ app_end ] --START--
INFO: Run Behavior\ShowPageTrace [ RunTime:0.003406s ]
INFO: [ app_end ] --END-- [ RunTime:0.005720s ]

[ 2014-07-14T09:53:22+08:00 ] 127.0.0.1 /wwwroot/index.php?s=/Home/User/profile.html
INFO: [ view_parse ] --START--
INFO: [ template_filter ] --START--
INFO: Run Behavior\ContentReplace [ RunTime:0.000257s ]
INFO: [ template_filter ] --END-- [ RunTime:0.000704s ]
INFO: Run Behavior\ParseTemplate [ RunTime:0.046753s ]
INFO: [ view_parse ] --END-- [ RunTime:0.048907s ]
INFO: [ view_filter ] --START--
INFO: Run Behavior\WriteHtmlCache [ RunTime:0.003818s ]
INFO: [ view_filter ] --END-- [ RunTime:0.004204s ]

[ 2014-07-14T09:53:26+08:00 ] 127.0.0.1 /wwwroot/index.php?s=/Home/User/login.html
INFO: [ view_parse ] --START--
INFO: [ template_filter ] --START--
INFO: Run Behavior\ContentReplace [ RunTime:0.000558s ]
INFO: [ template_filter ] --END-- [ RunTime:0.001040s ]
INFO: Run Behavior\ParseTemplate [ RunTime:0.062077s ]
INFO: [ view_parse ] --END-- [ RunTime:0.063520s ]
INFO: [ view_filter ] --START--
INFO: Run Behavior\WriteHtmlCache [ RunTime:0.002661s ]
INFO: [ view_filter ] --END-- [ RunTime:0.003007s ]
INFO: [ app_end ] --START--
INFO: Run Behavior\ShowPageTrace [ RunTime:0.002396s ]
INFO: [ app_end ] --END-- [ RunTime:0.002670s ]

[ 2014-07-14T09:53:26+08:00 ] 127.0.0.1 /wwwroot/index.php?s=/Home/User/verify.html
INFO: [ app_end ] --START--
INFO: Run Behavior\ShowPageTrace [ RunTime:0.003861s ]
INFO: [ app_end ] --END-- [ RunTime:0.005536s ]

[ 2014-07-14T09:53:29+08:00 ] 127.0.0.1 /wwwroot/index.php?s=/Home/Index/Index.html
SQL: SHOW COLUMNS FROM `onethink_category` [ RunTime:0.012895s ]
SQL: SELECT `id`,`name`,`title`,`pid`,`sort`,`list_row`,`meta_title`,`keywords`,`description`,`template_index`,`template_lists`,`template_detail`,`template_edit`,`model`,`type`,`link_id`,`allow_publish`,`display`,`reply`,`check`,`reply_model`,`extend`,`create_time`,`update_time`,`status`,`icon` FROM `onethink_category` WHERE ( `status` = 1 ) ORDER BY sort  [ RunTime:0.002056s ]
SQL: SHOW COLUMNS FROM `onethink_document` [ RunTime:0.014709s ]
SQL: SELECT `id`,`uid`,`name`,`title`,`category_id`,`description`,`root`,`pid`,`model_id`,`type`,`position`,`link_id`,`cover_id`,`display`,`deadline`,`attach`,`view`,`comment`,`extend`,`level`,`create_time`,`update_time`,`status` FROM `onethink_document` WHERE ( `status` = 1 ) AND ( `pid` = 0 ) AND ( `create_time` < 1405302809 ) AND ( deadline = 0 OR deadline > 1405302809 ) ORDER BY `id` DESC  [ RunTime:0.001989s ]
INFO: [ view_parse ] --START--
INFO: [ template_filter ] --START--
INFO: Run Behavior\ContentReplace [ RunTime:0.000700s ]
INFO: [ template_filter ] --END-- [ RunTime:0.001194s ]
SQL: SELECT `id`,`name`,`title`,`pid`,`sort`,`list_row`,`meta_title`,`keywords`,`description`,`template_index`,`template_lists`,`template_detail`,`template_edit`,`model`,`type`,`link_id`,`allow_publish`,`display`,`reply`,`check`,`reply_model`,`extend`,`create_time`,`update_time`,`status`,`icon` FROM `onethink_category` WHERE ( `id` = 1 ) LIMIT 1   [ RunTime:0.002163s ]
SQL: SELECT `id`,`name`,`pid`,`title`,`link_id` FROM `onethink_category` WHERE ( `status` = 1 ) ORDER BY sort  [ RunTime:0.001285s ]
SQL: SELECT `id`,`uid`,`name`,`title`,`category_id`,`description`,`root`,`pid`,`model_id`,`type`,`position`,`link_id`,`cover_id`,`display`,`deadline`,`attach`,`view`,`comment`,`extend`,`level`,`create_time`,`update_time`,`status` FROM `onethink_document` WHERE ( `status` = 1 ) AND ( `pid` = 0 ) AND ( `category_id` = 2 ) AND ( `create_time` < 1405302809 ) AND ( deadline = 0 OR deadline > 1405302809 ) ORDER BY `level` DESC,`id` DESC LIMIT 0,10   [ RunTime:0.001728s ]
INFO: Run Behavior\ParseTemplate [ RunTime:0.093413s ]
INFO: [ view_parse ] --END-- [ RunTime:0.093856s ]
INFO: [ view_filter ] --START--
INFO: Run Behavior\WriteHtmlCache [ RunTime:0.002729s ]
INFO: [ view_filter ] --END-- [ RunTime:0.003098s ]
INFO: [ app_end ] --START--
INFO: Run Behavior\ShowPageTrace [ RunTime:0.003397s ]
INFO: [ app_end ] --END-- [ RunTime:0.003780s ]

